0 info it worked if it ends with ok
1 verbose cli [ '/home/lucas/.nvm/versions/node/v4.1.1/bin/node',
1 verbose cli   '/home/lucas/.nvm/versions/node/v4.1.1/bin/npm',
1 verbose cli   'start' ]
2 info using npm@2.14.4
3 info using node@v4.1.1
4 verbose stack Error: missing script: start
4 verbose stack     at run (/home/lucas/.nvm/versions/node/v4.1.1/lib/node_modules/npm/lib/run-script.js:142:19)
4 verbose stack     at /home/lucas/.nvm/versions/node/v4.1.1/lib/node_modules/npm/lib/run-script.js:58:5
4 verbose stack     at /home/lucas/.nvm/versions/node/v4.1.1/lib/node_modules/npm/node_modules/read-package-json/read-json.js:345:5
4 verbose stack     at checkBinReferences_ (/home/lucas/.nvm/versions/node/v4.1.1/lib/node_modules/npm/node_modules/read-package-json/read-json.js:309:45)
4 verbose stack     at final (/home/lucas/.nvm/versions/node/v4.1.1/lib/node_modules/npm/node_modules/read-package-json/read-json.js:343:3)
4 verbose stack     at then (/home/lucas/.nvm/versions/node/v4.1.1/lib/node_modules/npm/node_modules/read-package-json/read-json.js:113:5)
4 verbose stack     at ReadFileContext.<anonymous> (/home/lucas/.nvm/versions/node/v4.1.1/lib/node_modules/npm/node_modules/read-package-json/read-json.js:284:20)
4 verbose stack     at ReadFileContext.callback (/home/lucas/.nvm/versions/node/v4.1.1/lib/node_modules/npm/node_modules/graceful-fs/graceful-fs.js:76:16)
4 verbose stack     at FSReqWrap.readFileAfterOpen [as oncomplete] (fs.js:303:13)
5 verbose cwd /home/lucas/Projects/minicss
6 error Linux 3.19.0-30-generic
7 error argv "/home/lucas/.nvm/versions/node/v4.1.1/bin/node" "/home/lucas/.nvm/versions/node/v4.1.1/bin/npm" "start"
8 error node v4.1.1
9 error npm  v2.14.4
10 error missing script: start
11 error If you need help, you may report this error at:
11 error     <https://github.com/npm/npm/issues>
12 verbose exit [ 1, true ]
